<?xml version="1.0" encoding="UTF-8"?>
<!-- Generated by org.testng.reporters.JUnitReportReporter -->
<testsuite hostname="Robika" failures="0" tests="4" name="com.sonar.cubes.test.smoke.TestLoginUS001" time="53.186" errors="0" timestamp="2025-07-18T07:59:21 IST" skipped="0">
  <testcase classname="com.sonar.cubes.test.smoke.TestLoginUS001" name="validateUsernameText" time="11.721"/>
  <testcase classname="com.sonar.cubes.test.smoke.TestLoginUS001" name="loginTest" time="4.508"/>
  <testcase classname="com.sonar.cubes.test.smoke.TestLoginUS001" name="validateCreateNewAccount" time="5.893"/>
  <testcase classname="com.sonar.cubes.test.smoke.TestLoginUS001" name="enterName" time="31.064"/>
</testsuite> <!-- com.sonar.cubes.test.smoke.TestLoginUS001 -->
