<?xml version="1.0" encoding="UTF-8"?>
<!-- Generated by org.testng.reporters.JUnitReportReporter -->
<testsuite hostname="Robika" failures="0" tests="1" name="com.sonar.cubes.test.smoke.TestGenericFunction" time="1.774" errors="0" timestamp="2025-07-18T07:59:21 IST" skipped="0">
  <testcase classname="com.sonar.cubes.test.smoke.TestGenericFunction" name="test" time="1.774"/>
</testsuite> <!-- com.sonar.cubes.test.smoke.TestGenericFunction -->
